<?xml version="1.0" encoding="UTF-8"?>
<!-- Generated by org.testng.reporters.JUnitReportReporter -->
<testsuite skipped="0" hostname="DESKTOP-LCI2JQ2" name="Sample1.SampleProject1" tests="1" failures="0" timestamp="25 Nov 2018 16:56:58 GMT" time="0.032" errors="0">
  <testcase name="sampleProject" time="0.032" classname="Sample1.SampleProject1"/>
</testsuite> <!-- Sample1.SampleProject1 -->
